SF:lib/domain/entities/person.dart
DA:13,1
DA:25,0
DA:26,0
DA:27,0
DA:28,0
DA:29,0
DA:31,0
DA:32,0
DA:33,0
DA:34,0
DA:35,0
DA:36,0
DA:37,0
DA:38,0
DA:39,0
DA:47,0
DA:48,0
DA:49,0
DA:50,0
DA:51,0
DA:52,0
DA:53,0
DA:54,0
DA:55,0
DA:56,0
DA:61,0
DA:71,0
DA:72,0
DA:73,0
DA:74,0
DA:75,0
DA:76,0
DA:77,0
DA:79,0
DA:80,0
DA:84,0
DA:86,0
DA:89,1
DA:93,0
DA:96,0
DA:97,0
LF:41
LH:2
end_of_record
SF:lib/domain/entities/auth_token.dart
DA:9,1
DA:17,1
DA:18,1
DA:19,1
DA:22,1
DA:23,0
DA:29,0
DA:30,0
DA:31,0
DA:32,0
DA:33,0
DA:34,0
DA:39,0
DA:40,0
DA:41,0
DA:45,0
DA:47,0
DA:49,0
DA:52,0
DA:56,0
DA:57,0
DA:58,0
DA:59,0
DA:62,0
DA:64,0
LF:25
LH:5
end_of_record
SF:lib/data/repositories/census_repository.dart
DA:15,1
DA:18,1
DA:20,2
DA:21,2
DA:23,3
DA:29,1
DA:31,3
DA:32,2
DA:34,0
DA:40,1
DA:42,3
DA:43,2
DA:45,0
DA:51,1
DA:53,3
DA:54,2
DA:56,0
DA:62,1
DA:64,1
DA:67,1
DA:68,1
DA:70,1
DA:73,5
DA:75,0
DA:81,1
DA:83,1
DA:84,1
DA:89,1
DA:90,1
DA:93,2
DA:98,3
DA:100,1
DA:101,5
DA:104,1
DA:106,0
DA:112,1
DA:114,1
DA:116,1
DA:117,1
DA:119,2
DA:121,0
DA:127,1
DA:129,2
DA:130,2
DA:132,0
DA:138,1
DA:140,2
DA:142,0
DA:148,2
DA:151,2
LF:50
LH:42
end_of_record
SF:lib/data/datasources/census_data_source.dart
DA:14,0
DA:16,0
DA:17,0
DA:18,0
DA:22,0
DA:25,0
DA:31,0
DA:33,0
DA:34,0
DA:35,0
DA:39,0
DA:40,0
DA:43,0
DA:44,0
DA:45,0
DA:48,0
DA:49,0
DA:50,0
DA:54,0
DA:55,0
DA:57,0
DA:62,0
DA:65,0
DA:69,0
DA:70,0
DA:76,0
DA:77,0
DA:79,0
DA:81,0
DA:87,0
DA:88,0
DA:90,0
DA:92,0
DA:94,0
DA:95,0
DA:96,0
DA:97,0
DA:98,0
DA:102,0
DA:103,0
DA:104,0
DA:108,0
DA:109,0
DA:110,0
DA:114,0
DA:115,0
DA:116,0
DA:117,0
DA:122,0
DA:123,0
DA:124,0
DA:128,0
DA:129,0
DA:130,0
DA:132,0
DA:134,0
DA:137,0
DA:138,0
DA:139,0
DA:141,0
DA:143,0
DA:144,0
DA:146,0
LF:63
LH:0
end_of_record
SF:lib/data/datasources/tejido_api_client.dart
DA:16,0
DA:17,0
DA:18,0
DA:21,0
DA:22,0
DA:23,0
DA:24,0
DA:28,0
DA:36,0
DA:37,0
DA:38,0
DA:39,0
DA:40,0
DA:43,0
DA:44,0
DA:45,0
DA:46,0
DA:49,0
DA:50,0
DA:51,0
DA:54,0
DA:56,0
DA:57,0
DA:58,0
DA:60,0
DA:61,0
DA:63,0
DA:64,0
DA:65,0
DA:67,0
DA:70,0
DA:71,0
DA:72,0
DA:75,0
DA:76,0
DA:77,0
DA:79,0
DA:82,0
DA:89,0
DA:90,0
DA:91,0
DA:92,0
DA:96,0
DA:97,0
DA:98,0
DA:101,0
DA:105,0
DA:108,0
DA:112,0
DA:113,0
DA:114,0
DA:115,0
DA:119,0
DA:121,0
DA:122,0
DA:123,0
DA:127,0
DA:128,0
DA:131,0
DA:132,0
DA:135,0
DA:136,0
DA:141,0
DA:146,0
DA:148,0
DA:154,0
DA:155,0
DA:156,0
DA:162,0
DA:168,0
DA:169,0
DA:170,0
DA:171,0
DA:173,0
DA:178,0
DA:179,0
DA:180,0
DA:186,0
DA:196,0
DA:197,0
DA:201,0
DA:202,0
DA:203,0
DA:208,0
DA:209,0
DA:213,0
DA:216,0
DA:221,0
DA:222,0
DA:223,0
DA:229,0
DA:231,0
DA:232,0
DA:233,0
DA:234,0
DA:235,0
DA:241,0
DA:243,0
DA:244,0
DA:245,0
DA:246,0
DA:247,0
DA:253,0
DA:255,0
DA:256,0
DA:257,0
DA:258,0
DA:259,0
DA:265,0
DA:267,0
DA:268,0
DA:269,0
DA:275,0
DA:278,0
LF:114
LH:0
end_of_record
SF:lib/data/repositories/auth_repository.dart
DA:18,1
DA:21,1
DA:27,2
DA:28,2
DA:29,2
DA:31,3
DA:33,2
DA:35,1
DA:41,3
DA:45,2
DA:48,2
DA:54,1
DA:57,3
DA:60,1
DA:62,1
DA:65,2
DA:67,3
DA:72,2
DA:74,2
DA:75,3
DA:77,3
DA:83,1
DA:85,2
DA:88,2
DA:91,2
DA:92,2
DA:93,2
DA:95,1
DA:97,2
DA:99,0
DA:105,1
DA:108,2
DA:111,2
DA:116,0
DA:119,0
DA:124,0
DA:125,0
DA:126,0
DA:131,0
DA:134,0
DA:138,0
DA:139,0
DA:141,0
DA:144,0
DA:150,2
DA:153,1
DA:154,2
DA:156,1
DA:158,2
DA:160,1
DA:162,2
DA:164,1
DA:167,2
DA:171,0
DA:173,0
DA:174,0
DA:175,0
DA:181,0
DA:187,0
DA:193,1
DA:194,2
DA:195,2
DA:200,1
DA:201,2
DA:202,2
DA:203,2
DA:205,2
DA:209,3
DA:213,1
DA:214,2
LF:70
LH:52
end_of_record
SF:lib/core/security/rate_limiter.dart
DA:18,2
DA:27,2
DA:28,2
DA:30,4
DA:31,2
DA:35,6
DA:40,8
DA:45,4
DA:46,4
DA:48,0
DA:53,0
DA:58,6
DA:59,4
DA:60,6
DA:62,4
DA:63,2
DA:69,4
DA:70,2
DA:71,10
DA:76,2
DA:77,2
DA:79,4
DA:80,2
DA:83,3
DA:89,4
DA:90,2
DA:95,2
DA:96,4
DA:97,1
DA:99,6
DA:100,4
DA:101,0
DA:104,10
DA:108,2
DA:109,4
DA:112,6
DA:113,4
DA:117,4
DA:121,2
DA:122,4
DA:123,6
DA:127,0
DA:128,0
DA:129,0
DA:133,2
DA:134,2
DA:135,6
DA:136,4
DA:137,4
DA:142,1
DA:143,1
DA:145,1
DA:146,1
DA:147,2
DA:148,2
DA:149,2
DA:150,2
DA:152,1
DA:153,1
DA:154,1
DA:155,2
DA:169,2
DA:185,2
DA:186,2
DA:192,2
DA:193,4
DA:197,2
DA:198,4
DA:202,2
DA:203,4
DA:207,1
DA:208,2
DA:212,2
DA:213,4
DA:226,1
DA:227,1
DA:233,1
DA:234,1
DA:235,1
DA:239,1
DA:240,1
DA:241,1
LF:82
LH:76
end_of_record
SF:lib/core/security/secure_config_manager.dart
DA:7,3
DA:8,2
DA:9,1
DA:32,0
DA:38,0
DA:40,0
DA:46,0
DA:47,0
DA:51,0
DA:52,0
DA:55,0
DA:61,1
DA:63,2
DA:65,0
DA:71,1
DA:74,1
DA:75,1
DA:76,2
DA:79,2
DA:80,2
DA:82,3
DA:88,1
DA:90,2
DA:92,0
DA:98,1
DA:100,2
DA:101,2
DA:103,2
DA:105,2
DA:107,0
DA:113,1
DA:115,2
DA:117,0
DA:123,1
DA:125,2
DA:126,2
DA:128,0
DA:134,1
DA:136,2
DA:142,1
DA:143,1
DA:144,1
DA:146,1
DA:148,0
DA:154,1
DA:156,2
DA:159,0
DA:162,1
DA:163,1
DA:164,2
DA:166,0
DA:167,0
DA:172,1
DA:174,2
DA:175,2
DA:176,2
DA:177,2
DA:179,0
DA:185,0
DA:187,0
DA:188,0
DA:190,0
DA:196,1
DA:197,1
DA:198,1
DA:203,1
DA:204,1
DA:205,1
DA:206,1
DA:207,1
DA:209,1
DA:215,1
LF:72
LH:50
end_of_record
SF:lib/core/utils/input_sanitizer.dart
DA:5,1
DA:8,2
DA:10,1
DA:11,1
DA:12,1
DA:13,1
DA:14,1
DA:15,1
DA:17,1
DA:18,1
DA:20,1
DA:24,1
DA:25,1
DA:26,1
DA:30,1
DA:31,1
DA:33,2
DA:35,1
DA:36,4
DA:42,1
DA:43,1
DA:46,1
DA:47,1
DA:51,1
DA:53,2
DA:54,2
DA:55,1
DA:59,1
DA:61,1
DA:62,5
DA:69,1
DA:71,2
DA:72,2
LF:33
LH:33
end_of_record
SF:lib/core/security/certificate_pinner.dart
DA:33,0
DA:34,0
DA:35,0
DA:37,0
DA:44,0
DA:45,0
DA:48,0
DA:49,0
DA:53,0
DA:58,0
DA:64,0
DA:68,0
DA:71,0
DA:73,0
DA:76,0
DA:79,0
DA:80,0
DA:81,0
DA:83,0
DA:88,0
DA:94,0
DA:96,0
DA:99,0
DA:103,0
DA:104,0
DA:108,0
DA:109,0
DA:113,0
DA:114,0
DA:115,0
DA:117,0
DA:121,0
DA:125,1
DA:126,1
DA:130,1
DA:131,1
DA:152,1
DA:155,0
LF:38
LH:5
end_of_record
SF:lib/data/local/database/app_database.dart
DA:14,0
DA:15,0
DA:16,0
DA:17,0
DA:18,0
DA:19,0
DA:20,0
DA:21,0
DA:22,0
DA:24,0
DA:26,0
DA:28,0
DA:29,0
DA:30,0
DA:31,0
DA:32,0
DA:33,0
DA:39,0
DA:40,0
DA:41,0
DA:42,0
DA:43,0
DA:44,0
DA:45,0
DA:47,0
DA:48,0
DA:49,0
DA:55,0
DA:56,0
DA:57,0
DA:58,0
DA:59,0
DA:60,0
DA:61,0
DA:62,0
DA:64,0
DA:65,0
DA:71,0
DA:72,0
DA:73,0
DA:75,0
DA:76,0
DA:82,0
DA:83,0
DA:84,0
DA:85,0
DA:87,0
DA:88,0
DA:101,0
DA:103,0
DA:107,2
DA:109,0
DA:110,0
DA:111,0
DA:112,0
DA:114,0
DA:115,0
DA:117,0
DA:118,0
DA:119,0
DA:120,0
DA:121,0
DA:122,0
DA:124,0
DA:125,0
DA:126,0
DA:131,0
DA:132,0
DA:140,0
DA:141,0
DA:145,0
DA:146,0
DA:147,0
DA:148,0
DA:149,0
DA:153,0
DA:154,0
DA:155,0
DA:159,0
DA:165,0
DA:166,0
DA:167,0
DA:168,0
DA:169,0
DA:170,0
DA:176,0
DA:177,0
DA:181,0
DA:182,0
DA:183,0
DA:184,0
DA:185,0
DA:187,0
DA:188,0
DA:192,0
DA:193,0
DA:194,0
DA:195,0
DA:196,0
DA:202,0
DA:203,0
DA:207,0
DA:208,0
DA:209,0
DA:210,0
DA:211,0
DA:215,0
DA:216,0
DA:217,0
DA:218,0
DA:219,0
DA:223,0
DA:224,0
DA:225,0
DA:226,0
DA:227,0
DA:229,0
DA:230,0
DA:236,0
DA:237,0
DA:238,0
DA:240,0
DA:241,0
DA:242,0
DA:243,0
DA:244,0
DA:246,0
DA:250,0
DA:255,0
DA:256,0
DA:257,0
DA:259,0
DA:260,0
DA:261,0
DA:262,0
DA:271,0
DA:272,0
DA:273,0
DA:274,0
DA:275,0
DA:277,0
DA:279,0
DA:281,0
DA:282,0
DA:283,0
DA:287,0
DA:288,0
DA:289,0
DA:293,0
DA:294,0
DA:295,0
DA:297,0
DA:300,0
DA:307,1
DA:308,2
DA:309,2
DA:310,2
DA:311,1
DA:312,1
DA:313,1
DA:314,1
DA:315,1
DA:316,2
DA:317,2
DA:318,2
DA:319,2
DA:320,2
DA:321,1
DA:329,0
DA:330,0
DA:331,0
DA:332,0
DA:333,0
DA:337,0
DA:338,0
DA:339,0
DA:343,0
DA:344,0
DA:345,0
DA:346,0
DA:347,0
DA:353,0
DA:354,0
DA:355,0
DA:356,0
DA:357,0
DA:358,0
DA:359,0
DA:360,0
DA:361,0
DA:362,0
DA:370,0
DA:371,0
DA:375,0
DA:376,0
DA:377,0
DA:383,0
DA:384,0
DA:385,0
DA:386,0
DA:387,0
DA:388,0
DA:389,0
DA:390,0
DA:391,0
DA:392,0
DA:393,0
DA:401,0
DA:402,0
DA:406,0
DA:407,0
DA:413,1
DA:423,3
DA:424,1
DA:426,2
DA:431,1
DA:432,1
DA:433,2
DA:434,2
DA:440,0
DA:441,0
DA:442,0
DA:443,0
DA:444,0
DA:448,1
DA:457,3
DA:458,1
DA:462,1
DA:464,1
DA:465,1
DA:466,1
DA:472,0
DA:473,0
DA:476,0
DA:477,0
DA:478,0
DA:479,0
DA:482,0
DA:483,0
DA:484,0
DA:485,0
DA:486,0
DA:488,0
DA:490,0
DA:491,0
LF:245
LH:31
end_of_record
SF:lib/data/local/database/app_database.g.dart
DA:11,1
DA:14,2
DA:15,1
DA:20,1
DA:24,2
DA:25,1
DA:30,2
DA:31,1
DA:36,2
DA:37,1
DA:42,2
DA:43,1
DA:48,2
DA:49,1
DA:54,2
DA:55,1
DA:60,2
DA:61,1
DA:66,2
DA:67,1
DA:72,2
DA:73,1
DA:79,2
DA:80,1
DA:87,2
DA:88,1
DA:93,2
DA:94,1
DA:101,2
DA:102,1
DA:108,2
DA:109,1
DA:116,2
DA:117,1
DA:122,1
DA:123,2
DA:125,1
DA:126,1
DA:127,1
DA:128,1
DA:129,1
DA:130,1
DA:131,1
DA:132,1
DA:133,1
DA:134,1
DA:135,1
DA:136,1
DA:137,1
DA:138,1
DA:139,1
DA:140,1
DA:141,1
DA:142,1
DA:143,1
DA:145,1
DA:146,2
DA:147,1
DA:150,1
DA:153,1
DA:154,1
DA:155,1
DA:156,0
DA:158,1
DA:159,1
DA:160,3
DA:162,0
DA:164,1
DA:165,1
DA:167,2
DA:168,1
DA:170,0
DA:172,1
DA:173,1
DA:174,3
DA:176,0
DA:178,1
DA:179,1
DA:180,3
DA:182,0
DA:184,1
DA:185,1
DA:186,3
DA:188,0
DA:190,1
DA:191,1
DA:193,2
DA:194,1
DA:196,0
DA:198,1
DA:199,1
DA:201,2
DA:202,1
DA:204,1
DA:205,0
DA:207,0
DA:208,0
DA:210,1
DA:211,1
DA:212,3
DA:214,1
DA:215,1
DA:216,3
DA:218,1
DA:219,1
DA:221,2
DA:222,1
DA:224,1
DA:225,0
DA:226,0
DA:228,1
DA:229,0
DA:231,0
DA:232,0
DA:234,1
DA:235,0
DA:236,0
DA:238,1
DA:239,0
DA:240,0
DA:242,1
DA:243,0
DA:245,0
DA:246,0
DA:251,0
DA:252,0
DA:253,0
DA:255,0
DA:256,0
DA:257,0
DA:258,0
DA:259,0
DA:260,0
DA:261,0
DA:262,0
DA:263,0
DA:264,0
DA:265,0
DA:266,0
DA:267,0
DA:268,0
DA:269,0
DA:270,0
DA:271,0
DA:272,0
DA:273,0
DA:274,0
DA:275,0
DA:276,0
DA:277,0
DA:278,0
DA:279,0
DA:280,0
DA:281,0
DA:282,0
DA:283,0
DA:284,0
DA:285,0
DA:286,0
DA:287,0
DA:288,0
DA:289,0
DA:290,0
DA:294,0
DA:296,0
DA:318,0
DA:336,0
DA:338,0
DA:339,0
DA:340,0
DA:341,0
DA:342,0
DA:343,0
DA:344,0
DA:345,0
DA:346,0
DA:347,0
DA:349,0
DA:350,0
DA:352,0
DA:353,0
DA:354,0
DA:355,0
DA:357,0
DA:358,0
DA:359,0
DA:360,0
DA:361,0
DA:363,0
DA:364,0
DA:369,0
DA:370,0
DA:371,0
DA:372,0
DA:373,0
DA:374,0
DA:375,0
DA:376,0
DA:377,0
DA:378,0
DA:380,0
DA:381,0
DA:383,0
DA:384,0
DA:385,0
DA:386,0
DA:388,0
DA:389,0
DA:390,0
DA:391,0
DA:392,0
DA:394,0
DA:395,0
DA:397,0
DA:401,0
DA:403,0
DA:404,0
DA:405,0
DA:406,0
DA:407,0
DA:408,0
DA:409,0
DA:410,0
DA:411,0
DA:412,0
DA:413,0
DA:414,0
DA:415,0
DA:416,0
DA:417,0
DA:418,0
DA:419,0
DA:420,0
DA:421,0
DA:424,0
DA:426,0
DA:427,0
DA:428,0
DA:429,0
DA:430,0
DA:431,0
DA:432,0
DA:433,0
DA:434,0
DA:435,0
DA:436,0
DA:437,0
DA:438,0
DA:439,0
DA:440,0
DA:441,0
DA:442,0
DA:443,0
DA:444,0
DA:448,0
DA:466,0
DA:467,0
DA:468,0
DA:469,0
DA:470,0
DA:471,0
DA:472,0
DA:473,0
DA:475,0
DA:476,0
DA:477,0
DA:478,0
DA:480,0
DA:481,0
DA:482,0
DA:483,0
DA:484,0
DA:486,0
DA:488,0
DA:489,0
DA:490,0
DA:491,0
DA:493,0
DA:494,0
DA:495,0
DA:496,0
DA:497,0
DA:498,0
DA:499,0
DA:500,0
DA:501,0
DA:502,0
DA:504,0
DA:505,0
DA:506,0
DA:507,0
DA:508,0
DA:509,0
DA:510,0
DA:512,0
DA:513,0
DA:514,0
DA:515,0
DA:516,0
DA:517,0
DA:521,0
DA:523,0
DA:524,0
DA:525,0
DA:526,0
DA:527,0
DA:528,0
DA:529,0
DA:530,0
DA:531,0
DA:532,0
DA:533,0
DA:534,0
DA:535,0
DA:536,0
DA:537,0
DA:538,0
DA:539,0
DA:540,0
DA:541,0
DA:542,0
DA:545,0
DA:546,0
DA:547,0
DA:548,0
DA:549,0
DA:550,0
DA:551,0
DA:552,0
DA:553,0
DA:554,0
DA:555,0
DA:556,0
DA:557,0
DA:558,0
DA:559,0
DA:560,0
DA:561,0
DA:562,0
DA:563,0
DA:564,0
DA:567,0
DA:568,0
DA:569,0
DA:570,0
DA:571,0
DA:572,0
DA:573,0
DA:574,0
DA:575,0
DA:576,0
DA:577,0
DA:578,0
DA:579,0
DA:580,0
DA:581,0
DA:582,0
DA:583,0
DA:584,0
DA:605,0
DA:624,1
DA:642,1
DA:643,1
DA:644,1
DA:645,1
DA:646,1
DA:647,1
DA:648,0
DA:667,0
DA:668,0
DA:669,0
DA:670,0
DA:671,0
DA:672,0
DA:673,0
DA:674,0
DA:675,0
DA:676,0
DA:677,0
DA:678,0
DA:679,0
DA:680,0
DA:681,0
DA:682,0
DA:683,0
DA:684,0
DA:688,0
DA:706,0
DA:707,0
DA:708,0
DA:709,0
DA:710,0
DA:711,0
DA:712,0
DA:713,0
DA:714,0
DA:715,0
DA:716,0
DA:717,0
DA:718,0
DA:719,0
DA:720,0
DA:721,0
DA:722,0
DA:723,0
DA:727,1
DA:729,1
DA:730,2
DA:731,0
DA:733,2
DA:734,4
DA:736,2
DA:737,4
DA:739,2
DA:740,4
DA:742,2
DA:743,4
DA:745,2
DA:746,4
DA:748,2
DA:749,4
DA:751,2
DA:752,4
DA:754,2
DA:755,0
DA:757,2
DA:758,4
DA:760,2
DA:761,4
DA:763,2
DA:764,4
DA:766,2
DA:767,0
DA:769,2
DA:770,0
DA:772,2
DA:773,0
DA:775,2
DA:776,0
DA:778,2
DA:779,0
DA:784,0
DA:786,0
DA:787,0
DA:788,0
DA:789,0
DA:790,0
DA:791,0
DA:792,0
DA:793,0
DA:794,0
DA:795,0
DA:796,0
DA:797,0
DA:798,0
DA:799,0
DA:800,0
DA:801,0
DA:802,0
DA:803,0
DA:804,0
DA:805,0
DA:814,1
DA:817,2
DA:818,1
DA:823,1
DA:827,2
DA:828,1
DA:833,2
DA:834,1
DA:839,2
DA:840,1
DA:845,2
DA:846,1
DA:851,2
DA:852,1
DA:858,2
DA:859,1
DA:864,2
DA:865,1
DA:872,2
DA:873,1
DA:880,2
DA:881,1
DA:885,1
DA:887,1
DA:888,1
DA:889,1
DA:890,1
DA:891,1
DA:892,1
DA:893,1
DA:894,1
DA:895,1
DA:896,1
DA:897,1
DA:898,1
DA:900,1
DA:901,2
DA:902,1
DA:905,1
DA:908,1
DA:909,1
DA:910,1
DA:911,0
DA:913,1
DA:914,1
DA:915,3
DA:917,0
DA:919,1
DA:920,1
DA:922,2
DA:923,1
DA:925,0
DA:927,1
DA:928,1
DA:930,2
DA:931,1
DA:933,0
DA:935,1
DA:936,1
DA:938,2
DA:939,1
DA:941,1
DA:942,0
DA:944,0
DA:945,0
DA:947,1
DA:948,1
DA:949,3
DA:951,0
DA:953,1
DA:954,1
DA:955,3
DA:957,1
DA:958,1
DA:960,2
DA:961,1
DA:963,1
DA:964,1
DA:966,2
DA:967,1
DA:972,0
DA:973,0
DA:974,0
DA:976,0
DA:977,0
DA:978,0
DA:979,0
DA:980,0
DA:981,0
DA:982,0
DA:983,0
DA:984,0
DA:985,0
DA:986,0
DA:987,0
DA:988,0
DA:989,0
DA:990,0
DA:991,0
DA:992,0
DA:993,0
DA:994,0
DA:995,0
DA:996,0
DA:997,0
DA:1001,0
DA:1003,0
DA:1019,0
DA:1030,0
DA:1032,0
DA:1033,0
DA:1034,0
DA:1035,0
DA:1036,0
DA:1037,0
DA:1038,0
DA:1040,0
DA:1041,0
DA:1042,0
DA:1043,0
DA:1044,0
DA:1048,0
DA:1049,0
DA:1050,0
DA:1051,0
DA:1052,0
DA:1053,0
DA:1054,0
DA:1056,0
DA:1057,0
DA:1058,0
DA:1059,0
DA:1060,0
DA:1061,0
DA:1065,0
DA:1067,0
DA:1068,0
DA:1069,0
DA:1070,0
DA:1071,0
DA:1072,0
DA:1074,0
DA:1075,0
DA:1076,0
DA:1077,0
DA:1078,0
DA:1079,0
DA:1082,0
DA:1084,0
DA:1085,0
DA:1086,0
DA:1087,0
DA:1088,0
DA:1089,0
DA:1090,0
DA:1091,0
DA:1092,0
DA:1093,0
DA:1094,0
DA:1095,0
DA:1099,0
DA:1110,0
DA:1111,0
DA:1112,0
DA:1113,0
DA:1114,0
DA:1115,0
DA:1116,0
DA:1117,0
DA:1118,0
DA:1119,0
DA:1120,0
DA:1121,0
DA:1122,0
DA:1124,0
DA:1125,0
DA:1126,0
DA:1127,0
DA:1129,0
DA:1130,0
DA:1131,0
DA:1132,0
DA:1133,0
DA:1134,0
DA:1135,0
DA:1137,0
DA:1138,0
DA:1139,0
DA:1140,0
DA:1141,0
DA:1142,0
DA:1144,0
DA:1148,0
DA:1150,0
DA:1151,0
DA:1152,0
DA:1153,0
DA:1154,0
DA:1155,0
DA:1156,0
DA:1157,0
DA:1158,0
DA:1159,0
DA:1160,0
DA:1161,0
DA:1162,0
DA:1165,0
DA:1166,0
DA:1167,0
DA:1168,0
DA:1169,0
DA:1170,0
DA:1171,0
DA:1172,0
DA:1173,0
DA:1174,0
DA:1175,0
DA:1176,0
DA:1177,0
DA:1180,0
DA:1181,0
DA:1182,0
DA:1183,0
DA:1184,0
DA:1185,0
DA:1186,0
DA:1187,0
DA:1188,0
DA:1189,0
DA:1190,0
DA:1204,0
DA:1216,1
DA:1227,1
DA:1228,1
DA:1229,1
DA:1230,1
DA:1231,0
DA:1243,0
DA:1244,0
DA:1245,0
DA:1246,0
DA:1247,0
DA:1249,0
DA:1250,0
DA:1251,0
DA:1252,0
DA:1253,0
DA:1254,0
DA:1258,0
DA:1269,0
DA:1270,0
DA:1271,0
DA:1272,0
DA:1273,0
DA:1274,0
DA:1275,0
DA:1276,0
DA:1277,0
DA:1278,0
DA:1279,0
DA:1283,1
DA:1285,1
DA:1286,2
DA:1287,0
DA:1289,2
DA:1290,4
DA:1292,2
DA:1293,4
DA:1295,2
DA:1296,4
DA:1298,2
DA:1299,4
DA:1301,2
DA:1302,0
DA:1304,2
DA:1305,4
DA:1307,2
DA:1308,4
DA:1310,2
DA:1311,4
DA:1313,2
DA:1314,4
DA:1319,0
DA:1321,0
DA:1322,0
DA:1323,0
DA:1324,0
DA:1325,0
DA:1326,0
DA:1327,0
DA:1328,0
DA:1329,0
DA:1330,0
DA:1331,0
DA:1332,0
DA:1333,0
DA:1341,1
DA:1344,2
DA:1345,1
DA:1350,2
DA:1351,1
DA:1355,2
DA:1356,1
DA:1361,2
DA:1362,1
DA:1367,2
DA:1368,1
DA:1373,2
DA:1374,1
DA:1379,2
DA:1380,1
DA:1385,2
DA:1386,1
DA:1388,1
DA:1389,1
DA:1390,1
DA:1391,1
DA:1392,1
DA:1393,1
DA:1394,1
DA:1395,1
DA:1396,1
DA:1397,1
DA:1399,1
DA:1400,2
DA:1401,1
DA:1404,1
DA:1407,1
DA:1408,1
DA:1409,1
DA:1410,4
DA:1412,0
DA:1414,1
DA:1415,1
DA:1416,3
DA:1418,1
DA:1419,1
DA:1420,3
DA:1422,0
DA:1424,1
DA:1425,1
DA:1426,3
DA:1428,1
DA:1429,1
DA:1430,3
DA:1432,1
DA:1433,1
DA:1435,2
DA:1436,1
DA:1438,1
DA:1439,1
DA:1440,3
DA:1442,1
DA:1443,1
DA:1444,3
DA:1446,0
DA:1451,0
DA:1452,0
DA:1453,0
DA:1455,0
DA:1456,0
DA:1457,0
DA:1458,0
DA:1459,0
DA:1460,0
DA:1461,0
DA:1462,0
DA:1463,0
DA:1464,0
DA:1465,0
DA:1466,0
DA:1467,0
DA:1468,0
DA:1469,0
DA:1470,0
DA:1471,0
DA:1472,0
DA:1476,0
DA:1478,0
DA:1491,0
DA:1500,0
DA:1502,0
DA:1503,0
DA:1504,0
DA:1505,0
DA:1507,0
DA:1508,0
DA:1509,0
DA:1511,0
DA:1512,0
DA:1514,0
DA:1515,0
DA:1517,0
DA:1518,0
DA:1520,0
DA:1524,0
DA:1525,0
DA:1526,0
DA:1527,0
DA:1529,0
DA:1530,0
DA:1531,0
DA:1533,0
DA:1534,0
DA:1536,0
DA:1537,0
DA:1539,0
DA:1540,0
DA:1542,0
DA:1543,0
DA:1547,0
DA:1549,0
DA:1550,0
DA:1551,0
DA:1552,0
DA:1553,0
DA:1554,0
DA:1555,0
DA:1556,0
DA:1557,0
DA:1558,0
DA:1561,0
DA:1563,0
DA:1564,0
DA:1565,0
DA:1566,0
DA:1567,0
DA:1568,0
DA:1569,0
DA:1570,0
DA:1571,0
DA:1572,0
DA:1576,0
DA:1585,0
DA:1586,0
DA:1587,0
DA:1588,0
DA:1589,0
DA:1590,0
DA:1591,0
DA:1592,0
DA:1593,0
DA:1595,0
DA:1596,0
DA:1597,0
DA:1598,0
DA:1599,0
DA:1600,0
DA:1601,0
DA:1603,0
DA:1604,0
DA:1605,0
DA:1609,0
DA:1611,0
DA:1612,0
DA:1613,0
DA:1614,0
DA:1615,0
DA:1616,0
DA:1617,0
DA:1618,0
DA:1619,0
DA:1620,0
DA:1621,0
DA:1624,0
DA:1625,0
DA:1626,0
DA:1627,0
DA:1630,0
DA:1631,0
DA:1632,0
DA:1633,0
DA:1634,0
DA:1635,0
DA:1636,0
DA:1637,0
DA:1638,0
DA:1651,0
DA:1662,1
DA:1672,1
DA:1673,1
DA:1674,1
DA:1675,0
DA:1686,0
DA:1687,0
DA:1688,0
DA:1689,0
DA:1690,0
DA:1691,0
DA:1692,0
DA:1693,0
DA:1694,0
DA:1695,0
DA:1699,0
DA:1709,0
DA:1710,0
DA:1711,0
DA:1712,0
DA:1713,0
DA:1714,0
DA:1715,0
DA:1716,0
DA:1717,0
DA:1718,0
DA:1722,1
DA:1724,1
DA:1725,2
DA:1726,4
DA:1728,2
DA:1729,4
DA:1731,2
DA:1732,4
DA:1734,2
DA:1735,4
DA:1737,2
DA:1738,4
DA:1740,2
DA:1741,4
DA:1743,2
DA:1744,4
DA:1746,2
DA:1747,4
DA:1749,2
DA:1750,0
DA:1755,0
DA:1757,0
DA:1758,0
DA:1759,0
DA:1760,0
DA:1761,0
DA:1762,0
DA:1763,0
DA:1764,0
DA:1765,0
DA:1766,0
DA:1767,0
DA:1768,0
DA:1777,0
DA:1794,0
DA:1795,0
DA:1796,0
DA:1797,0
DA:1798,0
DA:1801,0
DA:1804,0
DA:1805,0
DA:1806,0
DA:1807,0
DA:1809,0
DA:1810,0
DA:1811,0
DA:1813,0
DA:1815,0
DA:1816,0
DA:1817,0
DA:1819,0
DA:1824,0
DA:1825,0
DA:1826,0
DA:1828,0
DA:1829,0
DA:1830,0
DA:1831,0
DA:1832,0
DA:1833,0
DA:1834,0
DA:1835,0
DA:1839,0
DA:1841,0
DA:1849,0
DA:1851,0
DA:1853,0
DA:1854,0
DA:1855,0
DA:1856,0
DA:1860,0
DA:1861,0
DA:1862,0
DA:1863,0
DA:1864,0
DA:1868,0
DA:1870,0
DA:1871,0
DA:1872,0
DA:1873,0
DA:1874,0
DA:1877,0
DA:1879,0
DA:1880,0
DA:1881,0
DA:1882,0
DA:1883,0
DA:1887,0
DA:1888,0
DA:1889,0
DA:1890,0
DA:1891,0
DA:1893,0
DA:1894,0
DA:1895,0
DA:1896,0
DA:1897,0
DA:1901,0
DA:1903,0
DA:1904,0
DA:1905,0
DA:1906,0
DA:1907,0
DA:1908,0
DA:1911,0
DA:1912,0
DA:1913,0
DA:1916,0
DA:1917,0
DA:1918,0
DA:1919,0
DA:1926,0
DA:1931,0
DA:1935,0
DA:1936,0
DA:1937,0
DA:1942,0
DA:1943,0
DA:1944,0
DA:1945,0
DA:1949,0
DA:1951,0
DA:1952,0
DA:1953,0
DA:1954,0
DA:1958,0
DA:1960,0
DA:1961,0
DA:1962,0
DA:1964,0
DA:1965,0
DA:1967,0
DA:1968,0
DA:1973,0
DA:1975,0
DA:1976,0
DA:1977,0
DA:1978,0
DA:1979,0
DA:1980,0
DA:1988,0
DA:2010,0
DA:2011,0
DA:2012,0
DA:2013,0
DA:2014,0
DA:2017,0
DA:2020,0
DA:2021,0
DA:2022,0
DA:2023,0
DA:2025,0
DA:2026,0
DA:2027,0
DA:2029,0
DA:2031,0
DA:2032,0
DA:2033,0
DA:2035,0
DA:2036,0
DA:2037,0
DA:2039,0
DA:2044,0
DA:2045,0
DA:2046,0
DA:2048,0
DA:2049,0
DA:2050,0
DA:2051,0
DA:2052,0
DA:2053,0
DA:2054,0
DA:2055,0
DA:2056,0
DA:2057,0
DA:2061,0
DA:2063,0
DA:2072,0
DA:2077,0
DA:2079,0
DA:2080,0
DA:2081,0
DA:2082,0
DA:2083,0
DA:2085,0
DA:2089,0
DA:2090,0
DA:2091,0
DA:2092,0
DA:2094,0
DA:2095,0
DA:2099,0
DA:2101,0
DA:2102,0
DA:2103,0
DA:2104,0
DA:2105,0
DA:2106,0
DA:2109,0
DA:2111,0
DA:2112,0
DA:2113,0
DA:2114,0
DA:2115,0
DA:2116,0
DA:2120,0
DA:2125,0
DA:2126,0
DA:2127,0
DA:2128,0
DA:2129,0
DA:2131,0
DA:2132,0
DA:2133,0
DA:2134,0
DA:2135,0
DA:2136,0
DA:2140,0
DA:2142,0
DA:2143,0
DA:2144,0
DA:2145,0
DA:2146,0
DA:2147,0
DA:2148,0
DA:2151,0
DA:2152,0
DA:2153,0
DA:2156,0
DA:2157,0
DA:2158,0
DA:2159,0
DA:2160,0
DA:2168,0
DA:2174,0
DA:2179,0
DA:2180,0
DA:2181,0
DA:2187,0
DA:2188,0
DA:2189,0
DA:2190,0
DA:2191,0
DA:2195,0
DA:2200,0
DA:2201,0
DA:2202,0
DA:2203,0
DA:2204,0
DA:2208,0
DA:2210,0
DA:2211,0
DA:2212,0
DA:2214,0
DA:2215,0
DA:2217,0
DA:2218,0
DA:2220,0
DA:2221,0
DA:2226,0
DA:2228,0
DA:2229,0
DA:2230,0
DA:2231,0
DA:2232,0
DA:2233,0
DA:2234,0
DA:2239,2
DA:2240,0
DA:2241,2
DA:2242,2
DA:2243,2
DA:2246,0
DA:2248,0
DA:2249,0
DA:2251,0
DA:2297,0
DA:2304,0
DA:2305,0
DA:2307,0
DA:2308,0
DA:2310,0
DA:2311,0
DA:2313,0
DA:2314,0
DA:2316,0
DA:2317,0
DA:2319,0
DA:2320,0
DA:2322,0
DA:2323,0
DA:2325,0
DA:2326,0
DA:2327,0
DA:2329,0
DA:2330,0
DA:2332,0
DA:2333,0
DA:2335,0
DA:2336,0
DA:2338,0
DA:2339,0
DA:2340,0
DA:2342,0
DA:2343,0
DA:2345,0
DA:2346,0
DA:2348,0
DA:2349,0
DA:2351,0
DA:2352,0
DA:2354,0
DA:2355,0
DA:2360,0
DA:2367,0
DA:2368,0
DA:2370,0
DA:2371,0
DA:2373,0
DA:2374,0
DA:2376,0
DA:2377,0
DA:2379,0
DA:2380,0
DA:2382,0
DA:2383,0
DA:2385,0
DA:2386,0
DA:2387,0
DA:2389,0
DA:2390,0
DA:2391,0
DA:2393,0
DA:2394,0
DA:2396,0
DA:2397,0
DA:2399,0
DA:2400,0
DA:2402,0
DA:2403,0
DA:2404,0
DA:2406,0
DA:2407,0
DA:2409,0
DA:2410,0
DA:2412,0
DA:2413,0
DA:2415,0
DA:2416,0
DA:2418,0
DA:2419,0
DA:2420,0
DA:2425,0
DA:2432,0
DA:2433,0
DA:2435,0
DA:2436,0
DA:2438,0
DA:2439,0
DA:2441,0
DA:2442,0
DA:2444,0
DA:2445,0
DA:2447,0
DA:2448,0
DA:2450,0
DA:2451,0
DA:2453,0
DA:2454,0
DA:2456,0
DA:2457,0
DA:2459,0
DA:2460,0
DA:2462,0
DA:2463,0
DA:2465,0
DA:2466,0
DA:2468,0
DA:2469,0
DA:2471,0
DA:2472,0
DA:2474,0
DA:2475,0
DA:2477,0
DA:2478,0
DA:2480,0
DA:2481,0
DA:2499,0
DA:2501,0
DA:2504,0
DA:2505,0
DA:2506,0
DA:2507,0
DA:2508,0
DA:2509,0
DA:2510,0
DA:2529,0
DA:2548,0
DA:2567,0
DA:2586,0
DA:2587,0
DA:2588,0
DA:2637,0
DA:2644,0
DA:2645,0
DA:2647,0
DA:2648,0
DA:2650,0
DA:2651,0
DA:2653,0
DA:2654,0
DA:2656,0
DA:2657,0
DA:2658,0
DA:2660,0
DA:2661,0
DA:2663,0
DA:2664,0
DA:2666,0
DA:2667,0
DA:2669,0
DA:2670,0
DA:2671,0
DA:2673,0
DA:2674,0
DA:2679,0
DA:2686,0
DA:2687,0
DA:2689,0
DA:2690,0
DA:2692,0
DA:2693,0
DA:2695,0
DA:2696,0
DA:2697,0
DA:2699,0
DA:2700,0
DA:2701,0
DA:2703,0
DA:2704,0
DA:2706,0
DA:2707,0
DA:2709,0
DA:2710,0
DA:2712,0
DA:2713,0
DA:2714,0
DA:2716,0
DA:2717,0
DA:2722,0
DA:2729,0
DA:2730,0
DA:2732,0
DA:2733,0
DA:2735,0
DA:2736,0
DA:2738,0
DA:2739,0
DA:2741,0
DA:2742,0
DA:2744,0
DA:2745,0
DA:2747,0
DA:2748,0
DA:2750,0
DA:2751,0
DA:2753,0
DA:2754,0
DA:2756,0
DA:2757,0
DA:2775,0
DA:2776,0
DA:2779,0
DA:2780,0
DA:2781,0
DA:2782,0
DA:2783,0
DA:2784,0
DA:2785,0
DA:2797,0
DA:2809,0
DA:2821,0
DA:2833,0
DA:2834,0
DA:2835,0
DA:2880,0
DA:2887,0
DA:2888,0
DA:2890,0
DA:2891,0
DA:2893,0
DA:2894,0
DA:2896,0
DA:2897,0
DA:2899,0
DA:2900,0
DA:2902,0
DA:2903,0
DA:2905,0
DA:2906,0
DA:2908,0
DA:2909,0
DA:2914,0
DA:2921,0
DA:2922,0
DA:2924,0
DA:2925,0
DA:2927,0
DA:2928,0
DA:2930,0
DA:2931,0
DA:2933,0
DA:2934,0
DA:2936,0
DA:2937,0
DA:2939,0
DA:2940,0
DA:2942,0
DA:2943,0
DA:2948,0
DA:2955,0
DA:2956,0
DA:2958,0
DA:2959,0
DA:2961,0
DA:2962,0
DA:2964,0
DA:2965,0
DA:2967,0
DA:2968,0
DA:2970,0
DA:2971,0
DA:2973,0
DA:2974,0
DA:2976,0
DA:2977,0
DA:2992,0
DA:2993,0
DA:2996,0
DA:2997,0
DA:2998,0
DA:2999,0
DA:3000,0
DA:3001,0
DA:3002,0
DA:3013,0
DA:3024,0
DA:3035,0
DA:3046,0
DA:3047,0
DA:3048,0
DA:3080,0
DA:3087,0
DA:3088,0
DA:3090,0
DA:3091,0
DA:3093,0
DA:3094,0
DA:3099,0
DA:3106,0
DA:3107,0
DA:3109,0
DA:3110,0
DA:3112,0
DA:3113,0
DA:3118,0
DA:3125,0
DA:3126,0
DA:3128,0
DA:3129,0
DA:3131,0
DA:3132,0
DA:3150,0
DA:3151,0
DA:3154,0
DA:3155,0
DA:3156,0
DA:3157,0
DA:3158,0
DA:3159,0
DA:3160,0
DA:3165,0
DA:3170,0
DA:3175,0
DA:3180,0
DA:3181,0
DA:3182,0
DA:3216,0
DA:3223,0
DA:3224,0
DA:3226,0
DA:3227,0
DA:3229,0
DA:3230,0
DA:3232,0
DA:3233,0
DA:3237,0
DA:3244,0
DA:3245,0
DA:3247,0
DA:3248,0
DA:3250,0
DA:3251,0
DA:3253,0
DA:3254,0
DA:3259,0
DA:3266,0
DA:3267,0
DA:3269,0
DA:3270,0
DA:3272,0
DA:3273,0
DA:3275,0
DA:3276,0
DA:3291,0
DA:3292,0
DA:3295,0
DA:3296,0
DA:3297,0
DA:3298,0
DA:3299,0
DA:3300,0
DA:3301,0
DA:3307,0
DA:3313,0
DA:3319,0
DA:3325,0
DA:3326,0
DA:3327,0
DA:3347,0
DA:3348,0
DA:3349,0
DA:3350,0
DA:3351,0
DA:3352,0
DA:3353,0
DA:3354,0
DA:3355,0
DA:3356,0
LF:1606
LH:319
end_of_record
